{"project":"food-recommendation","created":"2024-09-03 01:44:52","env":"dev","type":"info","userID":"","url":"/v0.1/auth/guest","method":"POST","latency":10,"httpCode":200,"requestID":"ZmusjpMC8pEHOUxL65Xw3UIs7jgu78zm","errorInfo":{}}
{"project":"food-recommendation","created":"2024-09-03 01:54:05","env":"dev","type":"info","userID":"","url":"/v0.1/auth/guest","method":"POST","latency":18,"httpCode":200,"requestID":"6YFDcOfOBNAdOTbWUH2I6jwaLg3Vj7T7","errorInfo":{}}
{"project":"food-recommendation","created":"2024-09-03 01:54:06","env":"dev","type":"info","userID":"","url":"/v0.1/auth/guest","method":"POST","latency":9,"httpCode":200,"requestID":"aro6K9X4AzD35aR6orVCPwQFve6XJV55","errorInfo":{}}
{"project":"food-recommendation","created":"2024-09-03 01:54:06","env":"dev","type":"info","userID":"","url":"/v0.1/auth/guest","method":"POST","latency":9,"httpCode":200,"requestID":"buJtc1PSzo8FXeeu04OKigfzeF4gP7AL","errorInfo":{}}
{"project":"food-recommendation","created":"2024-09-03 01:54:06","env":"dev","type":"info","userID":"","url":"/v0.1/auth/guest","method":"POST","latency":30,"httpCode":200,"requestID":"uBibqUP5vuKuTdhjMFyKTcHLil3KmuIz","errorInfo":{}}
{"project":"food-recommendation","created":"2024-09-03 01:54:38","env":"dev","type":"info","userID":"","url":"/swagger/index.html","method":"GET","latency":0,"httpCode":200,"requestID":"FMRrSbGyf9UJzjrxC6QSpHicKhxpTPXC","errorInfo":{}}
{"project":"food-recommendation","created":"2024-09-03 01:54:38","env":"dev","type":"info","userID":"","url":"/swagger/swagger-ui.css","method":"GET","latency":0,"httpCode":200,"requestID":"fPaBeq8vyiq8Qc260XYyT2PRNVG3mGsP","errorInfo":{}}
{"project":"food-recommendation","created":"2024-09-03 01:54:38","env":"dev","type":"info","userID":"","url":"/swagger/swagger-ui-standalone-preset.js","method":"GET","latency":0,"httpCode":200,"requestID":"hibTZTs2ak1YXmfSgUdkOxgd4u8r96In","errorInfo":{}}
{"project":"food-recommendation","created":"2024-09-03 01:54:38","env":"dev","type":"info","userID":"","url":"/swagger/swagger-ui-bundle.js","method":"GET","latency":17,"httpCode":200,"requestID":"B41AfjcLgQOryYDcyTAAA41lslv6PUEg","errorInfo":{}}
{"project":"food-recommendation","created":"2024-09-03 01:54:39","env":"dev","type":"info","userID":"","url":"/swagger/doc.json","method":"GET","latency":0,"httpCode":200,"requestID":"th18LL0LQhrJtq26M35qPvyLnE90Hwx5","errorInfo":{}}
{"project":"food-recommendation","created":"2024-09-03 02:14:31","env":"dev","type":"info","userID":"","url":"/v0.1/auth/guest","method":"POST","latency":17,"httpCode":200,"requestID":"utlxtKn8E7PvaxnKnwD1QOPcJRtHDTfE","errorInfo":{}}
{"project":"food-recommendation","created":"2024-09-03 02:14:32","env":"dev","type":"info","userID":"","url":"/v0.1/auth/guest","method":"POST","latency":7,"httpCode":200,"requestID":"vdAqsItUVmqXh5JeKJuyvi0RDKtg6eUV","errorInfo":{}}
{"project":"food-recommendation","created":"2024-09-03 02:14:36","env":"dev","type":"info","userID":"","url":"/v0.1/auth/guest","method":"POST","latency":33,"httpCode":200,"requestID":"zHdwnVEPku2Y56v2uia797Qex3Md8Gvg","errorInfo":{}}
{"project":"food-recommendation","created":"2024-09-03 02:14:37","env":"dev","type":"info","userID":"","url":"/v0.1/auth/guest","method":"POST","latency":7,"httpCode":200,"requestID":"iFum8YzAl1uzLHvG0QD0mZsegZf12ypm","errorInfo":{}}
{"project":"food-recommendation","created":"2024-09-03 02:14:37","env":"dev","type":"info","userID":"","url":"/v0.1/auth/guest","method":"POST","latency":14,"httpCode":200,"requestID":"EsvP6MUtel9qvXB9l3FtyW53dgcWRIHN","errorInfo":{}}
{"project":"food-recommendation","created":"2024-09-03 02:15:41","env":"dev","type":"info","userID":"","url":"/v0.1/auth/guest","method":"POST","latency":7,"httpCode":200,"requestID":"2FBtkSEIaRvLIEC6ix9bOiwYmgk6alQp","errorInfo":{}}
{"project":"food-recommendation","created":"2024-09-03 02:15:41","env":"dev","type":"info","userID":"","url":"/v0.1/auth/guest","method":"POST","latency":7,"httpCode":200,"requestID":"ySedTItUzOiIw1p7sJV3bkabQomszZiw","errorInfo":{}}
{"project":"food-recommendation","created":"2024-09-03 02:15:41","env":"dev","type":"info","userID":"","url":"/v0.1/auth/guest","method":"POST","latency":32,"httpCode":200,"requestID":"YugQYMzy8sVvWpa2hgFSI0Vi0qTZNrdl","errorInfo":{}}
{"project":"food-recommendation","created":"2024-09-03 02:15:47","env":"dev","type":"info","userID":"","url":"/v0.1/auth/guest","method":"POST","latency":7,"httpCode":200,"requestID":"4k1eqVP1JywEDAa7dJffOt5Gm0bF9IYq","errorInfo":{}}
{"project":"food-recommendation","created":"2024-09-03 02:15:47","env":"dev","type":"info","userID":"","url":"/v0.1/auth/guest","method":"POST","latency":8,"httpCode":200,"requestID":"ODJ12F0DaNSbN1JNx8sonKNzNAWvD6SS","errorInfo":{}}
{"project":"food-recommendation","created":"2024-09-03 02:15:47","env":"dev","type":"info","userID":"","url":"/v0.1/auth/guest","method":"POST","latency":8,"httpCode":200,"requestID":"EAsv8Ex74e6CGigtZHnRQhr8y4TY4BNQ","errorInfo":{}}
{"project":"food-recommendation","created":"2024-09-03 02:17:41","env":"dev","type":"info","userID":"","url":"/swagger/index.html","method":"GET","latency":0,"httpCode":200,"requestID":"gWpOVlG8dKNDMWwBFhJc0AsFGfon0zCl","errorInfo":{}}
{"project":"food-recommendation","created":"2024-09-03 02:17:41","env":"dev","type":"info","userID":"","url":"/swagger/swagger-ui.css","method":"GET","latency":0,"httpCode":200,"requestID":"ciLfsMEhsUdb2QX1EqBqNzZlWfmGwYKp","errorInfo":{}}
{"project":"food-recommendation","created":"2024-09-03 02:17:41","env":"dev","type":"info","userID":"","url":"/swagger/swagger-ui-standalone-preset.js","method":"GET","latency":0,"httpCode":200,"requestID":"vc2LrC1L8lPO77p7WkmLHMtrQhVUiEnH","errorInfo":{}}
{"project":"food-recommendation","created":"2024-09-03 02:17:41","env":"dev","type":"info","userID":"","url":"/swagger/swagger-ui-bundle.js","method":"GET","latency":17,"httpCode":200,"requestID":"CxQDrVjlUWa1YKWIewheRD5WuOg3Yp0s","errorInfo":{}}
{"project":"food-recommendation","created":"2024-09-03 02:17:43","env":"dev","type":"info","userID":"","url":"/swagger/doc.json","method":"GET","latency":0,"httpCode":200,"requestID":"xQgj1vltJU1yiI6k7y8oNJVBk2jX0Vgo","errorInfo":{}}
{"project":"food-recommendation","created":"2024-09-03 02:17:54","env":"dev","type":"info","userID":"","url":"/v0.1/auth/guest","method":"POST","latency":7,"httpCode":200,"requestID":"6uaABZwsKaSSNExxjtXoVuQwmH433DbT","errorInfo":{}}
{"project":"food-recommendation","created":"2024-09-03 02:17:54","env":"dev","type":"info","userID":"","url":"/v0.1/auth/guest","method":"POST","latency":8,"httpCode":200,"requestID":"fvOhUK79yiLTJvoEN5Xv6weOIQQWCXrw","errorInfo":{}}
{"project":"food-recommendation","created":"2024-09-03 02:17:55","env":"dev","type":"info","userID":"","url":"/v0.1/auth/guest","method":"POST","latency":7,"httpCode":200,"requestID":"eRATRpEF0tmy3wra4eWDVcwckmkxrCkj","errorInfo":{}}
{"project":"food-recommendation","created":"2024-09-03 02:18:43","env":"dev","type":"info","userID":"","url":"/v0.1/auth/guest","method":"POST","latency":9,"httpCode":200,"requestID":"GW2mNqBBDzrmJBr1fjusuNO584zZgQmJ","errorInfo":{}}
{"project":"food-recommendation","created":"2024-09-03 02:18:44","env":"dev","type":"info","userID":"","url":"/v0.1/auth/guest","method":"POST","latency":7,"httpCode":200,"requestID":"nF4O7YiWO1WGBfMAQWNlpcNMBeMatLa6","errorInfo":{}}
{"project":"food-recommendation","created":"2024-09-03 02:18:44","env":"dev","type":"info","userID":"","url":"/v0.1/auth/guest","method":"POST","latency":40,"httpCode":200,"requestID":"a4tTLIldcJUb3QNRqBf2FMQaIziUYD5u","errorInfo":{}}
{"project":"food-recommendation","created":"2024-09-03 02:19:49","env":"dev","type":"info","userID":"","url":"/v0.1/auth/guest","method":"POST","latency":7,"httpCode":200,"requestID":"0Gpw61YWIRb5GRKwYuShrwZdSZyyMOiT","errorInfo":{}}
{"project":"food-recommendation","created":"2024-09-03 02:19:49","env":"dev","type":"info","userID":"","url":"/v0.1/auth/guest","method":"POST","latency":8,"httpCode":200,"requestID":"uj0f0jIBy6QQRXWgAQ3wqY9YWPlzMoAg","errorInfo":{}}
{"project":"food-recommendation","created":"2024-09-03 02:20:40","env":"dev","type":"info","userID":"","url":"/swagger/index.html","method":"GET","latency":0,"httpCode":200,"requestID":"KkzfYTNk2xK83INdWtaXa2HeXUZEqvo2","errorInfo":{}}
{"project":"food-recommendation","created":"2024-09-03 02:20:40","env":"dev","type":"info","userID":"","url":"/swagger/swagger-ui.css","method":"GET","latency":0,"httpCode":200,"requestID":"VdSr4XrKlsiKaOgY2yW9WJz0Abw66e2w","errorInfo":{}}
{"project":"food-recommendation","created":"2024-09-03 02:20:40","env":"dev","type":"info","userID":"","url":"/swagger/swagger-ui-standalone-preset.js","method":"GET","latency":0,"httpCode":200,"requestID":"KazXQb8Jm6RrN8HCkTM5FEbbVNsEKJVU","errorInfo":{}}
{"project":"food-recommendation","created":"2024-09-03 02:20:40","env":"dev","type":"info","userID":"","url":"/swagger/swagger-ui-bundle.js","method":"GET","latency":18,"httpCode":200,"requestID":"8V8fb3ZRcJyNG4uAwn3k4KyTEX7bgR93","errorInfo":{}}
{"project":"food-recommendation","created":"2024-09-03 02:20:41","env":"dev","type":"info","userID":"","url":"/swagger/doc.json","method":"GET","latency":0,"httpCode":200,"requestID":"AaL4VZRTchR225vVg35y9ThpauBASNrT","errorInfo":{}}
{"project":"food-recommendation","created":"2024-09-03 02:41:09","env":"dev","type":"info","userID":"","url":"/swagger/index.html","method":"GET","latency":3,"httpCode":200,"requestID":"DH1bd65jRyrwdYfOOcWw4A62QHE4RD6F","errorInfo":{}}
{"project":"food-recommendation","created":"2024-09-03 02:41:09","env":"dev","type":"info","userID":"","url":"/swagger/swagger-ui-standalone-preset.js","method":"GET","latency":0,"httpCode":200,"requestID":"6MbdqU02UMxgoMxXD6ddHOyWySc53Gy9","errorInfo":{}}
{"project":"food-recommendation","created":"2024-09-03 02:41:09","env":"dev","type":"info","userID":"","url":"/swagger/swagger-ui.css","method":"GET","latency":7,"httpCode":200,"requestID":"akKCePe4wtDDORFVDawQGMvq4hPY9Uwe","errorInfo":{}}
{"project":"food-recommendation","created":"2024-09-03 02:41:09","env":"dev","type":"info","userID":"","url":"/swagger/swagger-ui-bundle.js","method":"GET","latency":1,"httpCode":200,"requestID":"v1ghlA9E1YGRkRaBrgcdB7IrX31cyKnD","errorInfo":{}}
{"project":"food-recommendation","created":"2024-09-03 02:41:11","env":"dev","type":"info","userID":"","url":"/swagger/doc.json","method":"GET","latency":0,"httpCode":200,"requestID":"plRRCbEDPyPo1vUQzXqkB1BS9xtIbiVm","errorInfo":{}}
{"project":"food-recommendation","created":"2024-09-03 02:46:07","env":"dev","type":"info","userID":"","url":"/swagger/index.html","method":"GET","latency":0,"httpCode":200,"requestID":"oE3fmLr1mYyq5MGZwGHsBvKBWTzyZQ4R","errorInfo":{}}
{"project":"food-recommendation","created":"2024-09-03 02:46:07","env":"dev","type":"info","userID":"","url":"/swagger/swagger-ui.css","method":"GET","latency":0,"httpCode":200,"requestID":"SgeaT2lxtSMtwsoYZ5QJdSWNMCfEfBA6","errorInfo":{}}
{"project":"food-recommendation","created":"2024-09-03 02:46:07","env":"dev","type":"info","userID":"","url":"/swagger/swagger-ui-standalone-preset.js","method":"GET","latency":0,"httpCode":200,"requestID":"T2DLp9l98PIJdMbEXo9EQs2rpE7J8A4a","errorInfo":{}}
{"project":"food-recommendation","created":"2024-09-03 02:46:07","env":"dev","type":"info","userID":"","url":"/swagger/swagger-ui-bundle.js","method":"GET","latency":1,"httpCode":200,"requestID":"rW1MXX26nF0AtccLnjEFT5yA6DfXIv1I","errorInfo":{}}
{"project":"food-recommendation","created":"2024-09-03 02:46:57","env":"dev","type":"info","userID":"","url":"/v0.1/auth/guest","method":"POST","latency":37,"httpCode":200,"requestID":"992tQ0kaF7LMiWkOUOCjDXTojGOfageF","errorInfo":{}}
{"project":"food-recommendation","created":"2024-09-03 02:46:57","env":"dev","type":"info","userID":"","url":"/v0.1/auth/guest","method":"POST","latency":8,"httpCode":200,"requestID":"7z5D0JfPrFCgIFHoigWcXAIcB4QGwq59","errorInfo":{}}
{"project":"food-recommendation","created":"2024-09-03 02:46:57","env":"dev","type":"info","userID":"","url":"/v0.1/auth/guest","method":"POST","latency":44,"httpCode":200,"requestID":"ONTcr09ytRcXKsyvyxDemhDVl9QD9tXE","errorInfo":{}}
{"project":"food-recommendation","created":"2024-09-03 02:55:14","env":"dev","type":"info","userID":"","url":"/v0.1/auth/guest","method":"POST","latency":8,"httpCode":200,"requestID":"YXGXncAGMzXeRgNkjMDrQcDtyVIDth43","errorInfo":{}}
{"project":"food-recommendation","created":"2024-09-03 02:55:15","env":"dev","type":"info","userID":"","url":"/v0.1/auth/guest","method":"POST","latency":8,"httpCode":200,"requestID":"aRmBSgNxinGD50Dn4hAGp4lo1zH4lmCE","errorInfo":{}}
{"project":"food-recommendation","created":"2024-09-03 02:55:15","env":"dev","type":"info","userID":"","url":"/v0.1/auth/guest","method":"POST","latency":8,"httpCode":200,"requestID":"ytmHp9mkaef0r9vfuYOyP7MSdq0YqAP7","errorInfo":{}}
{"project":"food-recommendation","created":"2024-09-03 02:55:15","env":"dev","type":"info","userID":"","url":"/v0.1/auth/guest","method":"POST","latency":7,"httpCode":200,"requestID":"9WpUrK8lLz6SYkTDEgSLACWRS6twKy2D","errorInfo":{}}
{"project":"food-recommendation","created":"2024-09-03 03:35:32","env":"dev","type":"info","userID":"","url":"/v0.1/auth/guest","method":"POST","latency":12,"httpCode":200,"requestID":"8MazL9VWNogLn0pfBLSP8rZlskTsMkXQ","errorInfo":{}}
{"project":"food-recommendation","created":"2024-09-03 03:35:32","env":"dev","type":"info","userID":"","url":"/v0.1/auth/guest","method":"POST","latency":35,"httpCode":200,"requestID":"JwORcuFpiMwL2GacVux4kbzuUqWzbwHi","errorInfo":{}}
{"project":"food-recommendation","created":"2024-09-03 03:35:32","env":"dev","type":"info","userID":"","url":"/v0.1/auth/guest","method":"POST","latency":11,"httpCode":200,"requestID":"QX9fO3hBXcujih2OiiIOZw6E2ImvNIe3","errorInfo":{}}
{"project":"food-recommendation","created":"2024-09-03 03:35:32","env":"dev","type":"info","userID":"","url":"/v0.1/auth/guest","method":"POST","latency":9,"httpCode":200,"requestID":"6M6ylJDDo8FcatPid9VaVwznvOUATBqG","errorInfo":{}}
{"project":"food-recommendation","created":"2024-09-03 03:35:33","env":"dev","type":"info","userID":"","url":"/v0.1/auth/guest","method":"POST","latency":7,"httpCode":200,"requestID":"AyhyxqAXZWDqP8A1ETFoYgtYkuBlj0WY","errorInfo":{}}
{"project":"food-recommendation","created":"2024-09-03 03:35:33","env":"dev","type":"info","userID":"","url":"/v0.1/auth/guest","method":"POST","latency":7,"httpCode":200,"requestID":"uBTNrsvbPneLqhwyWFPoV3cJs7iEezCN","errorInfo":{}}
{"project":"food-recommendation","created":"2024-09-03 03:35:33","env":"dev","type":"info","userID":"","url":"/v0.1/auth/guest","method":"POST","latency":34,"httpCode":200,"requestID":"P0HRT7NaboitVpHU8K9BZocjRNOnswew","errorInfo":{}}
{"project":"food-recommendation","created":"2024-09-03 03:35:33","env":"dev","type":"info","userID":"","url":"/v0.1/auth/guest","method":"POST","latency":10,"httpCode":200,"requestID":"JRTFokLnC3lnYsu1UzoFmxH0wETJlfY0","errorInfo":{}}
{"project":"food-recommendation","created":"2024-09-03 03:35:33","env":"dev","type":"info","userID":"","url":"/v0.1/auth/guest","method":"POST","latency":10,"httpCode":200,"requestID":"ftQSKIg6J7QuO6VADLZ8Meh1BrhQJUcs","errorInfo":{}}
{"project":"food-recommendation","created":"2024-09-03 03:35:34","env":"dev","type":"info","userID":"","url":"/v0.1/auth/guest","method":"POST","latency":11,"httpCode":200,"requestID":"YwVb8Hzeln9S5x2tdrucdWL9ZT9wk79p","errorInfo":{}}
{"project":"food-recommendation","created":"2024-09-03 03:46:55","env":"dev","type":"info","userID":"","url":"/v0.1/auth/guest","method":"POST","latency":10,"httpCode":200,"requestID":"G1pJPwB47f8NGS9mDZbScsLWwcxlxsUY","errorInfo":{}}
{"project":"food-recommendation","created":"2024-09-03 03:46:55","env":"dev","type":"info","userID":"","url":"/v0.1/auth/guest","method":"POST","latency":11,"httpCode":200,"requestID":"LgkLpRxOfSYHPrP6X26hKmj0aIu9vBRa","errorInfo":{}}
{"project":"food-recommendation","created":"2024-09-03 03:46:56","env":"dev","type":"info","userID":"","url":"/v0.1/auth/guest","method":"POST","latency":13,"httpCode":200,"requestID":"3MIx7nWsUlYooNbpZ69fXCn7iT05vItY","errorInfo":{}}
{"project":"food-recommendation","created":"2024-09-03 03:46:56","env":"dev","type":"info","userID":"","url":"/v0.1/auth/guest","method":"POST","latency":10,"httpCode":200,"requestID":"cn7FsN3vmQi7yWTKsAwkoGhKReExmzo4","errorInfo":{}}
{"project":"food-recommendation","created":"2024-09-03 03:46:56","env":"dev","type":"info","userID":"","url":"/v0.1/auth/guest","method":"POST","latency":9,"httpCode":200,"requestID":"ylMh88BtFu53nslDTjk45Wm0yVC8Hj9S","errorInfo":{}}
